  Mylist,.cpp
c:\users\charity\desktop\c++ files\linked list\mylist,.cpp(21): warning C4091: 'typedef ': ignored on left of 'STU' when no variable is declared
c:\users\charity\desktop\c++ files\linked list\mylist,.cpp(78): error C3861: 'retun': identifier not found
c:\users\charity\desktop\c++ files\linked list\mylist,.cpp(87): error C2440: 'type cast': cannot convert from 'void *' to 'STU'
  c:\users\charity\desktop\c++ files\linked list\mylist,.cpp(87): note: No constructor could take the source type, or constructor overload resolution was ambiguous
c:\users\charity\desktop\c++ files\linked list\mylist,.cpp(88): error C2819: type 'STU' does not have an overloaded member 'operator ->'
  c:\users\charity\desktop\c++ files\linked list\mylist,.cpp(15): note: see declaration of 'STU'
  c:\users\charity\desktop\c++ files\linked list\mylist,.cpp(88): note: did you intend to use '.' instead?
c:\users\charity\desktop\c++ files\linked list\mylist,.cpp(88): error C2232: '->STU::sid': left operand has 'struct' type, use '.'
c:\users\charity\desktop\c++ files\linked list\mylist,.cpp(88): warning C4473: 'scanf' : not enough arguments passed for format string
  c:\users\charity\desktop\c++ files\linked list\mylist,.cpp(88): note: placeholders and their parameters expect 1 variadic arguments, but 0 were provided
  c:\users\charity\desktop\c++ files\linked list\mylist,.cpp(88): note: the missing variadic argument 1 is required by format string '%d'
c:\users\charity\desktop\c++ files\linked list\mylist,.cpp(89): error C2819: type 'STU' does not have an overloaded member 'operator ->'
  c:\users\charity\desktop\c++ files\linked list\mylist,.cpp(15): note: see declaration of 'STU'
  c:\users\charity\desktop\c++ files\linked list\mylist,.cpp(89): note: did you intend to use '.' instead?
c:\users\charity\desktop\c++ files\linked list\mylist,.cpp(89): error C2039: 'LINK': is not a member of 'STU'
  c:\users\charity\desktop\c++ files\linked list\mylist,.cpp(15): note: see declaration of 'STU'
c:\users\charity\desktop\c++ files\linked list\mylist,.cpp(90): error C2678: binary '==': no operator found which takes a left-hand operand of type 'STU' (or there is no acceptable conversion)
  c:\program files (x86)\microsoft visual studio\2017\community\vc\tools\msvc\14.15.26726\include\system_error(284): note: could be 'bool std::operator ==(const std::error_condition &,const std::error_condition &) noexcept'
  c:\program files (x86)\microsoft visual studio\2017\community\vc\tools\msvc\14.15.26726\include\system_error(278): note: or       'bool std::operator ==(const std::error_condition &,const std::error_code &) noexcept'
  c:\program files (x86)\microsoft visual studio\2017\community\vc\tools\msvc\14.15.26726\include\system_error(272): note: or       'bool std::operator ==(const std::error_code &,const std::error_condition &) noexcept'
  c:\program files (x86)\microsoft visual studio\2017\community\vc\tools\msvc\14.15.26726\include\system_error(266): note: or       'bool std::operator ==(const std::error_code &,const std::error_code &) noexcept'
  c:\program files (x86)\microsoft visual studio\2017\community\vc\tools\msvc\14.15.26726\include\exception(331): note: or       'bool std::operator ==(const std::exception_ptr &,std::nullptr_t) noexcept'
  c:\program files (x86)\microsoft visual studio\2017\community\vc\tools\msvc\14.15.26726\include\exception(326): note: or       'bool std::operator ==(std::nullptr_t,const std::exception_ptr &) noexcept'
  c:\program files (x86)\microsoft visual studio\2017\community\vc\tools\msvc\14.15.26726\include\exception(321): note: or       'bool std::operator ==(const std::exception_ptr &,const std::exception_ptr &) noexcept'
  c:\users\charity\desktop\c++ files\linked list\mylist,.cpp(90): note: while trying to match the argument list '(STU, int)'
c:\users\charity\desktop\c++ files\linked list\mylist,.cpp(93): error C2819: type 'STU' does not have an overloaded member 'operator ->'
  c:\users\charity\desktop\c++ files\linked list\mylist,.cpp(15): note: see declaration of 'STU'
  c:\users\charity\desktop\c++ files\linked list\mylist,.cpp(93): note: did you intend to use '.' instead?
c:\users\charity\desktop\c++ files\linked list\mylist,.cpp(93): error C2039: 'link': is not a member of 'STU'
  c:\users\charity\desktop\c++ files\linked list\mylist,.cpp(15): note: see declaration of 'STU'
c:\users\charity\desktop\c++ files\linked list\mylist,.cpp(95): error C2143: syntax error: missing ';' before '}'
c:\users\charity\desktop\c++ files\linked list\mylist,.cpp(96): error C2562: 'build': 'void' function returning a value
  c:\users\charity\desktop\c++ files\linked list\mylist,.cpp(80): note: see declaration of 'build'
